<?xml version="1.0" encoding="UTF-8"?>
<testsuite xmlns:xsi="http://www.w3.org/2001/XMLSchema-instance" xsi:noNamespaceSchemaLocation="https://maven.apache.org/surefire/maven-surefire-plugin/xsd/surefire-test-report-3.0.xsd" version="3.0" name="com.example.fuchuang.FuchuangApplicationTests" time="4.975" tests="1" errors="0" skipped="0" failures="0">
  <properties>
    <property name="sun.desktop" value="windows"/>
    <property name="awt.toolkit" value="sun.awt.windows.WToolkit"/>
    <property name="file.encoding.pkg" value="sun.io"/>
    <property name="java.specification.version" value="1.8"/>
    <property name="sun.cpu.isalist" value="amd64"/>
    <property name="sun.jnu.encoding" value="GBK"/>
    <property name="java.class.path" value="D:\java all\competition\fuchuang\target\test-classes;D:\java all\competition\fuchuang\target\classes;D:\mavendata\m2\org\springframework\boot\spring-boot-starter-web\2.6.13\spring-boot-starter-web-2.6.13.jar;D:\mavendata\m2\org\springframework\boot\spring-boot-starter\2.6.13\spring-boot-starter-2.6.13.jar;D:\mavendata\m2\org\springframework\boot\spring-boot\2.6.13\spring-boot-2.6.13.jar;D:\mavendata\m2\org\springframework\boot\spring-boot-starter-logging\2.6.13\spring-boot-starter-logging-2.6.13.jar;D:\mavendata\m2\ch\qos\logback\logback-classic\1.2.11\logback-classic-1.2.11.jar;D:\mavendata\m2\ch\qos\logback\logback-core\1.2.11\logback-core-1.2.11.jar;D:\mavendata\m2\org\apache\logging\log4j\log4j-to-slf4j\2.17.2\log4j-to-slf4j-2.17.2.jar;D:\mavendata\m2\org\apache\logging\log4j\log4j-api\2.17.2\log4j-api-2.17.2.jar;D:\mavendata\m2\org\slf4j\jul-to-slf4j\1.7.36\jul-to-slf4j-1.7.36.jar;D:\mavendata\m2\jakarta\annotation\jakarta.annotation-api\1.3.5\jakarta.annotation-api-1.3.5.jar;D:\mavendata\m2\org\yaml\snakeyaml\1.29\snakeyaml-1.29.jar;D:\mavendata\m2\org\springframework\boot\spring-boot-starter-json\2.6.13\spring-boot-starter-json-2.6.13.jar;D:\mavendata\m2\com\fasterxml\jackson\datatype\jackson-datatype-jdk8\2.13.4\jackson-datatype-jdk8-2.13.4.jar;D:\mavendata\m2\com\fasterxml\jackson\datatype\jackson-datatype-jsr310\2.13.4\jackson-datatype-jsr310-2.13.4.jar;D:\mavendata\m2\com\fasterxml\jackson\module\jackson-module-parameter-names\2.13.4\jackson-module-parameter-names-2.13.4.jar;D:\mavendata\m2\org\springframework\boot\spring-boot-starter-tomcat\2.6.13\spring-boot-starter-tomcat-2.6.13.jar;D:\mavendata\m2\org\apache\tomcat\embed\tomcat-embed-core\9.0.68\tomcat-embed-core-9.0.68.jar;D:\mavendata\m2\org\apache\tomcat\embed\tomcat-embed-el\9.0.68\tomcat-embed-el-9.0.68.jar;D:\mavendata\m2\org\apache\tomcat\embed\tomcat-embed-websocket\9.0.68\tomcat-embed-websocket-9.0.68.jar;D:\mavendata\m2\org\springframework\spring-web\5.3.23\spring-web-5.3.23.jar;D:\mavendata\m2\org\springframework\spring-beans\5.3.23\spring-beans-5.3.23.jar;D:\mavendata\m2\org\springframework\spring-webmvc\5.3.23\spring-webmvc-5.3.23.jar;D:\mavendata\m2\org\springframework\spring-aop\5.3.23\spring-aop-5.3.23.jar;D:\mavendata\m2\org\springframework\spring-context\5.3.23\spring-context-5.3.23.jar;D:\mavendata\m2\org\springframework\spring-expression\5.3.23\spring-expression-5.3.23.jar;D:\mavendata\m2\com\mysql\mysql-connector-j\8.0.31\mysql-connector-j-8.0.31.jar;D:\mavendata\m2\org\projectlombok\lombok\1.18.24\lombok-1.18.24.jar;D:\mavendata\m2\org\springframework\boot\spring-boot-starter-test\2.6.13\spring-boot-starter-test-2.6.13.jar;D:\mavendata\m2\org\springframework\boot\spring-boot-test\2.6.13\spring-boot-test-2.6.13.jar;D:\mavendata\m2\org\springframework\boot\spring-boot-test-autoconfigure\2.6.13\spring-boot-test-autoconfigure-2.6.13.jar;D:\mavendata\m2\com\jayway\jsonpath\json-path\2.6.0\json-path-2.6.0.jar;D:\mavendata\m2\net\minidev\json-smart\2.4.8\json-smart-2.4.8.jar;D:\mavendata\m2\net\minidev\accessors-smart\2.4.8\accessors-smart-2.4.8.jar;D:\mavendata\m2\org\ow2\asm\asm\9.1\asm-9.1.jar;D:\mavendata\m2\org\slf4j\slf4j-api\1.7.36\slf4j-api-1.7.36.jar;D:\mavendata\m2\jakarta\xml\bind\jakarta.xml.bind-api\2.3.3\jakarta.xml.bind-api-2.3.3.jar;D:\mavendata\m2\jakarta\activation\jakarta.activation-api\1.2.2\jakarta.activation-api-1.2.2.jar;D:\mavendata\m2\org\assertj\assertj-core\3.21.0\assertj-core-3.21.0.jar;D:\mavendata\m2\org\hamcrest\hamcrest\2.2\hamcrest-2.2.jar;D:\mavendata\m2\org\junit\jupiter\junit-jupiter\5.8.2\junit-jupiter-5.8.2.jar;D:\mavendata\m2\org\junit\jupiter\junit-jupiter-api\5.8.2\junit-jupiter-api-5.8.2.jar;D:\mavendata\m2\org\opentest4j\opentest4j\1.2.0\opentest4j-1.2.0.jar;D:\mavendata\m2\org\junit\platform\junit-platform-commons\1.8.2\junit-platform-commons-1.8.2.jar;D:\mavendata\m2\org\apiguardian\apiguardian-api\1.1.2\apiguardian-api-1.1.2.jar;D:\mavendata\m2\org\junit\jupiter\junit-jupiter-params\5.8.2\junit-jupiter-params-5.8.2.jar;D:\mavendata\m2\org\junit\jupiter\junit-jupiter-engine\5.8.2\junit-jupiter-engine-5.8.2.jar;D:\mavendata\m2\org\junit\platform\junit-platform-engine\1.8.2\junit-platform-engine-1.8.2.jar;D:\mavendata\m2\org\mockito\mockito-core\4.0.0\mockito-core-4.0.0.jar;D:\mavendata\m2\net\bytebuddy\byte-buddy\1.11.22\byte-buddy-1.11.22.jar;D:\mavendata\m2\net\bytebuddy\byte-buddy-agent\1.11.22\byte-buddy-agent-1.11.22.jar;D:\mavendata\m2\org\objenesis\objenesis\3.2\objenesis-3.2.jar;D:\mavendata\m2\org\mockito\mockito-junit-jupiter\4.0.0\mockito-junit-jupiter-4.0.0.jar;D:\mavendata\m2\org\skyscreamer\jsonassert\1.5.1\jsonassert-1.5.1.jar;D:\mavendata\m2\com\vaadin\external\google\android-json\0.0.20131108.vaadin1\android-json-0.0.20131108.vaadin1.jar;D:\mavendata\m2\org\springframework\spring-core\5.3.23\spring-core-5.3.23.jar;D:\mavendata\m2\org\springframework\spring-jcl\5.3.23\spring-jcl-5.3.23.jar;D:\mavendata\m2\org\springframework\spring-test\5.3.23\spring-test-5.3.23.jar;D:\mavendata\m2\org\xmlunit\xmlunit-core\2.8.4\xmlunit-core-2.8.4.jar;D:\mavendata\m2\com\baomidou\mybatis-plus-boot-starter\3.4.1\mybatis-plus-boot-starter-3.4.1.jar;D:\mavendata\m2\com\baomidou\mybatis-plus\3.4.1\mybatis-plus-3.4.1.jar;D:\mavendata\m2\com\baomidou\mybatis-plus-extension\3.4.1\mybatis-plus-extension-3.4.1.jar;D:\mavendata\m2\com\baomidou\mybatis-plus-core\3.4.1\mybatis-plus-core-3.4.1.jar;D:\mavendata\m2\com\baomidou\mybatis-plus-annotation\3.4.1\mybatis-plus-annotation-3.4.1.jar;D:\mavendata\m2\com\github\jsqlparser\jsqlparser\3.2\jsqlparser-3.2.jar;D:\mavendata\m2\org\mybatis\mybatis\3.5.6\mybatis-3.5.6.jar;D:\mavendata\m2\org\mybatis\mybatis-spring\2.0.5\mybatis-spring-2.0.5.jar;D:\mavendata\m2\org\springframework\boot\spring-boot-autoconfigure\2.6.13\spring-boot-autoconfigure-2.6.13.jar;D:\mavendata\m2\org\springframework\boot\spring-boot-starter-jdbc\2.6.13\spring-boot-starter-jdbc-2.6.13.jar;D:\mavendata\m2\com\zaxxer\HikariCP\4.0.3\HikariCP-4.0.3.jar;D:\mavendata\m2\org\springframework\spring-jdbc\5.3.23\spring-jdbc-5.3.23.jar;D:\mavendata\m2\com\alibaba\druid\1.1.16\druid-1.1.16.jar;D:\mavendata\m2\com\github\xiaoymin\knife4j-spring-boot-starter\3.0.3\knife4j-spring-boot-starter-3.0.3.jar;D:\mavendata\m2\com\github\xiaoymin\knife4j-spring-boot-autoconfigure\3.0.3\knife4j-spring-boot-autoconfigure-3.0.3.jar;D:\mavendata\m2\com\github\xiaoymin\knife4j-spring\3.0.3\knife4j-spring-3.0.3.jar;D:\mavendata\m2\com\github\xiaoymin\knife4j-annotations\3.0.3\knife4j-annotations-3.0.3.jar;D:\mavendata\m2\io\swagger\swagger-annotations\1.5.22\swagger-annotations-1.5.22.jar;D:\mavendata\m2\io\swagger\core\v3\swagger-annotations\2.1.2\swagger-annotations-2.1.2.jar;D:\mavendata\m2\com\github\xiaoymin\knife4j-core\3.0.3\knife4j-core-3.0.3.jar;D:\mavendata\m2\org\javassist\javassist\3.25.0-GA\javassist-3.25.0-GA.jar;D:\mavendata\m2\io\springfox\springfox-swagger2\3.0.0\springfox-swagger2-3.0.0.jar;D:\mavendata\m2\io\springfox\springfox-spi\3.0.0\springfox-spi-3.0.0.jar;D:\mavendata\m2\io\springfox\springfox-schema\3.0.0\springfox-schema-3.0.0.jar;D:\mavendata\m2\io\springfox\springfox-swagger-common\3.0.0\springfox-swagger-common-3.0.0.jar;D:\mavendata\m2\io\springfox\springfox-spring-web\3.0.0\springfox-spring-web-3.0.0.jar;D:\mavendata\m2\io\github\classgraph\classgraph\4.8.83\classgraph-4.8.83.jar;D:\mavendata\m2\io\springfox\springfox-spring-webflux\3.0.0\springfox-spring-webflux-3.0.0.jar;D:\mavendata\m2\org\mapstruct\mapstruct\1.3.1.Final\mapstruct-1.3.1.Final.jar;D:\mavendata\m2\io\springfox\springfox-spring-webmvc\3.0.0\springfox-spring-webmvc-3.0.0.jar;D:\mavendata\m2\io\springfox\springfox-core\3.0.0\springfox-core-3.0.0.jar;D:\mavendata\m2\io\springfox\springfox-oas\3.0.0\springfox-oas-3.0.0.jar;D:\mavendata\m2\io\swagger\core\v3\swagger-models\2.1.2\swagger-models-2.1.2.jar;D:\mavendata\m2\io\springfox\springfox-bean-validators\3.0.0\springfox-bean-validators-3.0.0.jar;D:\mavendata\m2\io\swagger\swagger-models\1.5.22\swagger-models-1.5.22.jar;D:\mavendata\m2\io\swagger\swagger-core\1.5.22\swagger-core-1.5.22.jar;D:\mavendata\m2\org\apache\commons\commons-lang3\3.12.0\commons-lang3-3.12.0.jar;D:\mavendata\m2\com\fasterxml\jackson\dataformat\jackson-dataformat-yaml\2.13.4\jackson-dataformat-yaml-2.13.4.jar;D:\mavendata\m2\com\google\guava\guava\27.0.1-android\guava-27.0.1-android.jar;D:\mavendata\m2\com\google\guava\failureaccess\1.0.1\failureaccess-1.0.1.jar;D:\mavendata\m2\com\google\guava\listenablefuture\9999.0-empty-to-avoid-conflict-with-guava\listenablefuture-9999.0-empty-to-avoid-conflict-with-guava.jar;D:\mavendata\m2\com\google\code\findbugs\jsr305\3.0.2\jsr305-3.0.2.jar;D:\mavendata\m2\org\checkerframework\checker-compat-qual\2.5.2\checker-compat-qual-2.5.2.jar;D:\mavendata\m2\com\google\errorprone\error_prone_annotations\2.2.0\error_prone_annotations-2.2.0.jar;D:\mavendata\m2\com\google\j2objc\j2objc-annotations\1.1\j2objc-annotations-1.1.jar;D:\mavendata\m2\org\codehaus\mojo\animal-sniffer-annotations\1.17\animal-sniffer-annotations-1.17.jar;D:\mavendata\m2\javax\validation\validation-api\2.0.1.Final\validation-api-2.0.1.Final.jar;D:\mavendata\m2\io\springfox\springfox-boot-starter\3.0.0\springfox-boot-starter-3.0.0.jar;D:\mavendata\m2\io\springfox\springfox-data-rest\3.0.0\springfox-data-rest-3.0.0.jar;D:\mavendata\m2\com\fasterxml\classmate\1.5.1\classmate-1.5.1.jar;D:\mavendata\m2\org\springframework\plugin\spring-plugin-core\2.0.0.RELEASE\spring-plugin-core-2.0.0.RELEASE.jar;D:\mavendata\m2\org\springframework\plugin\spring-plugin-metadata\2.0.0.RELEASE\spring-plugin-metadata-2.0.0.RELEASE.jar;D:\mavendata\m2\com\github\xiaoymin\knife4j-spring-ui\3.0.3\knife4j-spring-ui-3.0.3.jar;D:\mavendata\m2\org\apache\httpcomponents\httpclient\4.5.13\httpclient-4.5.13.jar;D:\mavendata\m2\org\apache\httpcomponents\httpcore\4.4.15\httpcore-4.4.15.jar;D:\mavendata\m2\commons-codec\commons-codec\1.15\commons-codec-1.15.jar;D:\mavendata\m2\com\alibaba\fastjson\1.2.68\fastjson-1.2.68.jar;D:\mavendata\m2\org\springframework\boot\spring-boot-starter-data-redis\2.6.13\spring-boot-starter-data-redis-2.6.13.jar;D:\mavendata\m2\org\springframework\data\spring-data-redis\2.6.9\spring-data-redis-2.6.9.jar;D:\mavendata\m2\org\springframework\data\spring-data-keyvalue\2.6.9\spring-data-keyvalue-2.6.9.jar;D:\mavendata\m2\org\springframework\data\spring-data-commons\2.6.9\spring-data-commons-2.6.9.jar;D:\mavendata\m2\org\springframework\spring-tx\5.3.23\spring-tx-5.3.23.jar;D:\mavendata\m2\org\springframework\spring-oxm\5.3.23\spring-oxm-5.3.23.jar;D:\mavendata\m2\org\springframework\spring-context-support\5.3.23\spring-context-support-5.3.23.jar;D:\mavendata\m2\io\lettuce\lettuce-core\6.1.10.RELEASE\lettuce-core-6.1.10.RELEASE.jar;D:\mavendata\m2\io\netty\netty-common\4.1.84.Final\netty-common-4.1.84.Final.jar;D:\mavendata\m2\io\netty\netty-handler\4.1.84.Final\netty-handler-4.1.84.Final.jar;D:\mavendata\m2\io\netty\netty-resolver\4.1.84.Final\netty-resolver-4.1.84.Final.jar;D:\mavendata\m2\io\netty\netty-buffer\4.1.84.Final\netty-buffer-4.1.84.Final.jar;D:\mavendata\m2\io\netty\netty-transport-native-unix-common\4.1.84.Final\netty-transport-native-unix-common-4.1.84.Final.jar;D:\mavendata\m2\io\netty\netty-codec\4.1.84.Final\netty-codec-4.1.84.Final.jar;D:\mavendata\m2\io\netty\netty-transport\4.1.84.Final\netty-transport-4.1.84.Final.jar;D:\mavendata\m2\io\projectreactor\reactor-core\3.4.24\reactor-core-3.4.24.jar;D:\mavendata\m2\org\reactivestreams\reactive-streams\1.0.4\reactive-streams-1.0.4.jar;D:\mavendata\m2\org\springframework\boot\spring-boot-starter-websocket\2.6.13\spring-boot-starter-websocket-2.6.13.jar;D:\mavendata\m2\org\springframework\spring-messaging\5.3.23\spring-messaging-5.3.23.jar;D:\mavendata\m2\org\springframework\spring-websocket\5.3.23\spring-websocket-5.3.23.jar;D:\mavendata\m2\io\jsonwebtoken\jjwt\0.9.1\jjwt-0.9.1.jar;D:\mavendata\m2\com\fasterxml\jackson\core\jackson-databind\2.13.4.2\jackson-databind-2.13.4.2.jar;D:\mavendata\m2\com\fasterxml\jackson\core\jackson-annotations\2.13.4\jackson-annotations-2.13.4.jar;D:\mavendata\m2\com\fasterxml\jackson\core\jackson-core\2.13.4\jackson-core-2.13.4.jar;"/>
    <property name="java.vm.vendor" value="Oracle Corporation"/>
    <property name="sun.arch.data.model" value="64"/>
    <property name="user.variant" value=""/>
    <property name="java.vendor.url" value="http://java.oracle.com/"/>
    <property name="user.timezone" value="Asia/Shanghai"/>
    <property name="java.vm.specification.version" value="1.8"/>
    <property name="os.name" value="Windows 11"/>
    <property name="user.country" value="CN"/>
    <property name="sun.java.launcher" value="SUN_STANDARD"/>
    <property name="sun.boot.library.path" value="D:\java all\jdk1.8\jdk1.8\jre\bin"/>
    <property name="sun.java.command" value="C:\Users\posty\AppData\Local\Temp\surefire1211741168713158122\surefirebooter-20240411134347352_3.jar C:\Users\posty\AppData\Local\Temp\surefire1211741168713158122 2024-04-11T13-43-46_694-jvmRun1 surefire-20240411134347352_1tmp surefire_0-20240411134347352_2tmp"/>
    <property name="surefire.test.class.path" value="D:\java all\competition\fuchuang\target\test-classes;D:\java all\competition\fuchuang\target\classes;D:\mavendata\m2\org\springframework\boot\spring-boot-starter-web\2.6.13\spring-boot-starter-web-2.6.13.jar;D:\mavendata\m2\org\springframework\boot\spring-boot-starter\2.6.13\spring-boot-starter-2.6.13.jar;D:\mavendata\m2\org\springframework\boot\spring-boot\2.6.13\spring-boot-2.6.13.jar;D:\mavendata\m2\org\springframework\boot\spring-boot-starter-logging\2.6.13\spring-boot-starter-logging-2.6.13.jar;D:\mavendata\m2\ch\qos\logback\logback-classic\1.2.11\logback-classic-1.2.11.jar;D:\mavendata\m2\ch\qos\logback\logback-core\1.2.11\logback-core-1.2.11.jar;D:\mavendata\m2\org\apache\logging\log4j\log4j-to-slf4j\2.17.2\log4j-to-slf4j-2.17.2.jar;D:\mavendata\m2\org\apache\logging\log4j\log4j-api\2.17.2\log4j-api-2.17.2.jar;D:\mavendata\m2\org\slf4j\jul-to-slf4j\1.7.36\jul-to-slf4j-1.7.36.jar;D:\mavendata\m2\jakarta\annotation\jakarta.annotation-api\1.3.5\jakarta.annotation-api-1.3.5.jar;D:\mavendata\m2\org\yaml\snakeyaml\1.29\snakeyaml-1.29.jar;D:\mavendata\m2\org\springframework\boot\spring-boot-starter-json\2.6.13\spring-boot-starter-json-2.6.13.jar;D:\mavendata\m2\com\fasterxml\jackson\datatype\jackson-datatype-jdk8\2.13.4\jackson-datatype-jdk8-2.13.4.jar;D:\mavendata\m2\com\fasterxml\jackson\datatype\jackson-datatype-jsr310\2.13.4\jackson-datatype-jsr310-2.13.4.jar;D:\mavendata\m2\com\fasterxml\jackson\module\jackson-module-parameter-names\2.13.4\jackson-module-parameter-names-2.13.4.jar;D:\mavendata\m2\org\springframework\boot\spring-boot-starter-tomcat\2.6.13\spring-boot-starter-tomcat-2.6.13.jar;D:\mavendata\m2\org\apache\tomcat\embed\tomcat-embed-core\9.0.68\tomcat-embed-core-9.0.68.jar;D:\mavendata\m2\org\apache\tomcat\embed\tomcat-embed-el\9.0.68\tomcat-embed-el-9.0.68.jar;D:\mavendata\m2\org\apache\tomcat\embed\tomcat-embed-websocket\9.0.68\tomcat-embed-websocket-9.0.68.jar;D:\mavendata\m2\org\springframework\spring-web\5.3.23\spring-web-5.3.23.jar;D:\mavendata\m2\org\springframework\spring-beans\5.3.23\spring-beans-5.3.23.jar;D:\mavendata\m2\org\springframework\spring-webmvc\5.3.23\spring-webmvc-5.3.23.jar;D:\mavendata\m2\org\springframework\spring-aop\5.3.23\spring-aop-5.3.23.jar;D:\mavendata\m2\org\springframework\spring-context\5.3.23\spring-context-5.3.23.jar;D:\mavendata\m2\org\springframework\spring-expression\5.3.23\spring-expression-5.3.23.jar;D:\mavendata\m2\com\mysql\mysql-connector-j\8.0.31\mysql-connector-j-8.0.31.jar;D:\mavendata\m2\org\projectlombok\lombok\1.18.24\lombok-1.18.24.jar;D:\mavendata\m2\org\springframework\boot\spring-boot-starter-test\2.6.13\spring-boot-starter-test-2.6.13.jar;D:\mavendata\m2\org\springframework\boot\spring-boot-test\2.6.13\spring-boot-test-2.6.13.jar;D:\mavendata\m2\org\springframework\boot\spring-boot-test-autoconfigure\2.6.13\spring-boot-test-autoconfigure-2.6.13.jar;D:\mavendata\m2\com\jayway\jsonpath\json-path\2.6.0\json-path-2.6.0.jar;D:\mavendata\m2\net\minidev\json-smart\2.4.8\json-smart-2.4.8.jar;D:\mavendata\m2\net\minidev\accessors-smart\2.4.8\accessors-smart-2.4.8.jar;D:\mavendata\m2\org\ow2\asm\asm\9.1\asm-9.1.jar;D:\mavendata\m2\org\slf4j\slf4j-api\1.7.36\slf4j-api-1.7.36.jar;D:\mavendata\m2\jakarta\xml\bind\jakarta.xml.bind-api\2.3.3\jakarta.xml.bind-api-2.3.3.jar;D:\mavendata\m2\jakarta\activation\jakarta.activation-api\1.2.2\jakarta.activation-api-1.2.2.jar;D:\mavendata\m2\org\assertj\assertj-core\3.21.0\assertj-core-3.21.0.jar;D:\mavendata\m2\org\hamcrest\hamcrest\2.2\hamcrest-2.2.jar;D:\mavendata\m2\org\junit\jupiter\junit-jupiter\5.8.2\junit-jupiter-5.8.2.jar;D:\mavendata\m2\org\junit\jupiter\junit-jupiter-api\5.8.2\junit-jupiter-api-5.8.2.jar;D:\mavendata\m2\org\opentest4j\opentest4j\1.2.0\opentest4j-1.2.0.jar;D:\mavendata\m2\org\junit\platform\junit-platform-commons\1.8.2\junit-platform-commons-1.8.2.jar;D:\mavendata\m2\org\apiguardian\apiguardian-api\1.1.2\apiguardian-api-1.1.2.jar;D:\mavendata\m2\org\junit\jupiter\junit-jupiter-params\5.8.2\junit-jupiter-params-5.8.2.jar;D:\mavendata\m2\org\junit\jupiter\junit-jupiter-engine\5.8.2\junit-jupiter-engine-5.8.2.jar;D:\mavendata\m2\org\junit\platform\junit-platform-engine\1.8.2\junit-platform-engine-1.8.2.jar;D:\mavendata\m2\org\mockito\mockito-core\4.0.0\mockito-core-4.0.0.jar;D:\mavendata\m2\net\bytebuddy\byte-buddy\1.11.22\byte-buddy-1.11.22.jar;D:\mavendata\m2\net\bytebuddy\byte-buddy-agent\1.11.22\byte-buddy-agent-1.11.22.jar;D:\mavendata\m2\org\objenesis\objenesis\3.2\objenesis-3.2.jar;D:\mavendata\m2\org\mockito\mockito-junit-jupiter\4.0.0\mockito-junit-jupiter-4.0.0.jar;D:\mavendata\m2\org\skyscreamer\jsonassert\1.5.1\jsonassert-1.5.1.jar;D:\mavendata\m2\com\vaadin\external\google\android-json\0.0.20131108.vaadin1\android-json-0.0.20131108.vaadin1.jar;D:\mavendata\m2\org\springframework\spring-core\5.3.23\spring-core-5.3.23.jar;D:\mavendata\m2\org\springframework\spring-jcl\5.3.23\spring-jcl-5.3.23.jar;D:\mavendata\m2\org\springframework\spring-test\5.3.23\spring-test-5.3.23.jar;D:\mavendata\m2\org\xmlunit\xmlunit-core\2.8.4\xmlunit-core-2.8.4.jar;D:\mavendata\m2\com\baomidou\mybatis-plus-boot-starter\3.4.1\mybatis-plus-boot-starter-3.4.1.jar;D:\mavendata\m2\com\baomidou\mybatis-plus\3.4.1\mybatis-plus-3.4.1.jar;D:\mavendata\m2\com\baomidou\mybatis-plus-extension\3.4.1\mybatis-plus-extension-3.4.1.jar;D:\mavendata\m2\com\baomidou\mybatis-plus-core\3.4.1\mybatis-plus-core-3.4.1.jar;D:\mavendata\m2\com\baomidou\mybatis-plus-annotation\3.4.1\mybatis-plus-annotation-3.4.1.jar;D:\mavendata\m2\com\github\jsqlparser\jsqlparser\3.2\jsqlparser-3.2.jar;D:\mavendata\m2\org\mybatis\mybatis\3.5.6\mybatis-3.5.6.jar;D:\mavendata\m2\org\mybatis\mybatis-spring\2.0.5\mybatis-spring-2.0.5.jar;D:\mavendata\m2\org\springframework\boot\spring-boot-autoconfigure\2.6.13\spring-boot-autoconfigure-2.6.13.jar;D:\mavendata\m2\org\springframework\boot\spring-boot-starter-jdbc\2.6.13\spring-boot-starter-jdbc-2.6.13.jar;D:\mavendata\m2\com\zaxxer\HikariCP\4.0.3\HikariCP-4.0.3.jar;D:\mavendata\m2\org\springframework\spring-jdbc\5.3.23\spring-jdbc-5.3.23.jar;D:\mavendata\m2\com\alibaba\druid\1.1.16\druid-1.1.16.jar;D:\mavendata\m2\com\github\xiaoymin\knife4j-spring-boot-starter\3.0.3\knife4j-spring-boot-starter-3.0.3.jar;D:\mavendata\m2\com\github\xiaoymin\knife4j-spring-boot-autoconfigure\3.0.3\knife4j-spring-boot-autoconfigure-3.0.3.jar;D:\mavendata\m2\com\github\xiaoymin\knife4j-spring\3.0.3\knife4j-spring-3.0.3.jar;D:\mavendata\m2\com\github\xiaoymin\knife4j-annotations\3.0.3\knife4j-annotations-3.0.3.jar;D:\mavendata\m2\io\swagger\swagger-annotations\1.5.22\swagger-annotations-1.5.22.jar;D:\mavendata\m2\io\swagger\core\v3\swagger-annotations\2.1.2\swagger-annotations-2.1.2.jar;D:\mavendata\m2\com\github\xiaoymin\knife4j-core\3.0.3\knife4j-core-3.0.3.jar;D:\mavendata\m2\org\javassist\javassist\3.25.0-GA\javassist-3.25.0-GA.jar;D:\mavendata\m2\io\springfox\springfox-swagger2\3.0.0\springfox-swagger2-3.0.0.jar;D:\mavendata\m2\io\springfox\springfox-spi\3.0.0\springfox-spi-3.0.0.jar;D:\mavendata\m2\io\springfox\springfox-schema\3.0.0\springfox-schema-3.0.0.jar;D:\mavendata\m2\io\springfox\springfox-swagger-common\3.0.0\springfox-swagger-common-3.0.0.jar;D:\mavendata\m2\io\springfox\springfox-spring-web\3.0.0\springfox-spring-web-3.0.0.jar;D:\mavendata\m2\io\github\classgraph\classgraph\4.8.83\classgraph-4.8.83.jar;D:\mavendata\m2\io\springfox\springfox-spring-webflux\3.0.0\springfox-spring-webflux-3.0.0.jar;D:\mavendata\m2\org\mapstruct\mapstruct\1.3.1.Final\mapstruct-1.3.1.Final.jar;D:\mavendata\m2\io\springfox\springfox-spring-webmvc\3.0.0\springfox-spring-webmvc-3.0.0.jar;D:\mavendata\m2\io\springfox\springfox-core\3.0.0\springfox-core-3.0.0.jar;D:\mavendata\m2\io\springfox\springfox-oas\3.0.0\springfox-oas-3.0.0.jar;D:\mavendata\m2\io\swagger\core\v3\swagger-models\2.1.2\swagger-models-2.1.2.jar;D:\mavendata\m2\io\springfox\springfox-bean-validators\3.0.0\springfox-bean-validators-3.0.0.jar;D:\mavendata\m2\io\swagger\swagger-models\1.5.22\swagger-models-1.5.22.jar;D:\mavendata\m2\io\swagger\swagger-core\1.5.22\swagger-core-1.5.22.jar;D:\mavendata\m2\org\apache\commons\commons-lang3\3.12.0\commons-lang3-3.12.0.jar;D:\mavendata\m2\com\fasterxml\jackson\dataformat\jackson-dataformat-yaml\2.13.4\jackson-dataformat-yaml-2.13.4.jar;D:\mavendata\m2\com\google\guava\guava\27.0.1-android\guava-27.0.1-android.jar;D:\mavendata\m2\com\google\guava\failureaccess\1.0.1\failureaccess-1.0.1.jar;D:\mavendata\m2\com\google\guava\listenablefuture\9999.0-empty-to-avoid-conflict-with-guava\listenablefuture-9999.0-empty-to-avoid-conflict-with-guava.jar;D:\mavendata\m2\com\google\code\findbugs\jsr305\3.0.2\jsr305-3.0.2.jar;D:\mavendata\m2\org\checkerframework\checker-compat-qual\2.5.2\checker-compat-qual-2.5.2.jar;D:\mavendata\m2\com\google\errorprone\error_prone_annotations\2.2.0\error_prone_annotations-2.2.0.jar;D:\mavendata\m2\com\google\j2objc\j2objc-annotations\1.1\j2objc-annotations-1.1.jar;D:\mavendata\m2\org\codehaus\mojo\animal-sniffer-annotations\1.17\animal-sniffer-annotations-1.17.jar;D:\mavendata\m2\javax\validation\validation-api\2.0.1.Final\validation-api-2.0.1.Final.jar;D:\mavendata\m2\io\springfox\springfox-boot-starter\3.0.0\springfox-boot-starter-3.0.0.jar;D:\mavendata\m2\io\springfox\springfox-data-rest\3.0.0\springfox-data-rest-3.0.0.jar;D:\mavendata\m2\com\fasterxml\classmate\1.5.1\classmate-1.5.1.jar;D:\mavendata\m2\org\springframework\plugin\spring-plugin-core\2.0.0.RELEASE\spring-plugin-core-2.0.0.RELEASE.jar;D:\mavendata\m2\org\springframework\plugin\spring-plugin-metadata\2.0.0.RELEASE\spring-plugin-metadata-2.0.0.RELEASE.jar;D:\mavendata\m2\com\github\xiaoymin\knife4j-spring-ui\3.0.3\knife4j-spring-ui-3.0.3.jar;D:\mavendata\m2\org\apache\httpcomponents\httpclient\4.5.13\httpclient-4.5.13.jar;D:\mavendata\m2\org\apache\httpcomponents\httpcore\4.4.15\httpcore-4.4.15.jar;D:\mavendata\m2\commons-codec\commons-codec\1.15\commons-codec-1.15.jar;D:\mavendata\m2\com\alibaba\fastjson\1.2.68\fastjson-1.2.68.jar;D:\mavendata\m2\org\springframework\boot\spring-boot-starter-data-redis\2.6.13\spring-boot-starter-data-redis-2.6.13.jar;D:\mavendata\m2\org\springframework\data\spring-data-redis\2.6.9\spring-data-redis-2.6.9.jar;D:\mavendata\m2\org\springframework\data\spring-data-keyvalue\2.6.9\spring-data-keyvalue-2.6.9.jar;D:\mavendata\m2\org\springframework\data\spring-data-commons\2.6.9\spring-data-commons-2.6.9.jar;D:\mavendata\m2\org\springframework\spring-tx\5.3.23\spring-tx-5.3.23.jar;D:\mavendata\m2\org\springframework\spring-oxm\5.3.23\spring-oxm-5.3.23.jar;D:\mavendata\m2\org\springframework\spring-context-support\5.3.23\spring-context-support-5.3.23.jar;D:\mavendata\m2\io\lettuce\lettuce-core\6.1.10.RELEASE\lettuce-core-6.1.10.RELEASE.jar;D:\mavendata\m2\io\netty\netty-common\4.1.84.Final\netty-common-4.1.84.Final.jar;D:\mavendata\m2\io\netty\netty-handler\4.1.84.Final\netty-handler-4.1.84.Final.jar;D:\mavendata\m2\io\netty\netty-resolver\4.1.84.Final\netty-resolver-4.1.84.Final.jar;D:\mavendata\m2\io\netty\netty-buffer\4.1.84.Final\netty-buffer-4.1.84.Final.jar;D:\mavendata\m2\io\netty\netty-transport-native-unix-common\4.1.84.Final\netty-transport-native-unix-common-4.1.84.Final.jar;D:\mavendata\m2\io\netty\netty-codec\4.1.84.Final\netty-codec-4.1.84.Final.jar;D:\mavendata\m2\io\netty\netty-transport\4.1.84.Final\netty-transport-4.1.84.Final.jar;D:\mavendata\m2\io\projectreactor\reactor-core\3.4.24\reactor-core-3.4.24.jar;D:\mavendata\m2\org\reactivestreams\reactive-streams\1.0.4\reactive-streams-1.0.4.jar;D:\mavendata\m2\org\springframework\boot\spring-boot-starter-websocket\2.6.13\spring-boot-starter-websocket-2.6.13.jar;D:\mavendata\m2\org\springframework\spring-messaging\5.3.23\spring-messaging-5.3.23.jar;D:\mavendata\m2\org\springframework\spring-websocket\5.3.23\spring-websocket-5.3.23.jar;D:\mavendata\m2\io\jsonwebtoken\jjwt\0.9.1\jjwt-0.9.1.jar;D:\mavendata\m2\com\fasterxml\jackson\core\jackson-databind\2.13.4.2\jackson-databind-2.13.4.2.jar;D:\mavendata\m2\com\fasterxml\jackson\core\jackson-annotations\2.13.4\jackson-annotations-2.13.4.jar;D:\mavendata\m2\com\fasterxml\jackson\core\jackson-core\2.13.4\jackson-core-2.13.4.jar;"/>
    <property name="sun.cpu.endian" value="little"/>
    <property name="user.home" value="C:\Users\posty"/>
    <property name="user.language" value="zh"/>
    <property name="java.specification.vendor" value="Oracle Corporation"/>
    <property name="java.home" value="D:\java all\jdk1.8\jdk1.8\jre"/>
    <property name="basedir" value="D:\java all\competition\fuchuang"/>
    <property name="file.separator" value="\"/>
    <property name="line.separator" value="&#10;"/>
    <property name="java.vm.specification.vendor" value="Oracle Corporation"/>
    <property name="java.specification.name" value="Java Platform API Specification"/>
    <property name="FILE_LOG_CHARSET" value="GBK"/>
    <property name="java.awt.graphicsenv" value="sun.awt.Win32GraphicsEnvironment"/>
    <property name="java.awt.headless" value="true"/>
    <property name="surefire.real.class.path" value="C:\Users\posty\AppData\Local\Temp\surefire1211741168713158122\surefirebooter-20240411134347352_3.jar"/>
    <property name="sun.boot.class.path" value="D:\java all\jdk1.8\jdk1.8\jre\lib\resources.jar;D:\java all\jdk1.8\jdk1.8\jre\lib\rt.jar;D:\java all\jdk1.8\jdk1.8\jre\lib\jsse.jar;D:\java all\jdk1.8\jdk1.8\jre\lib\jce.jar;D:\java all\jdk1.8\jdk1.8\jre\lib\charsets.jar;D:\java all\jdk1.8\jdk1.8\jre\lib\jfr.jar;D:\java all\jdk1.8\jdk1.8\jre\classes"/>
    <property name="user.script" value=""/>
    <property name="sun.management.compiler" value="HotSpot 64-Bit Tiered Compilers"/>
    <property name="java.runtime.version" value="1.8.0_381-b09"/>
    <property name="user.name" value="posty"/>
    <property name="path.separator" value=";"/>
    <property name="os.version" value="10.0"/>
    <property name="java.endorsed.dirs" value="D:\java all\jdk1.8\jdk1.8\jre\lib\endorsed"/>
    <property name="java.runtime.name" value="Java(TM) SE Runtime Environment"/>
    <property name="file.encoding" value="GBK"/>
    <property name="spring.beaninfo.ignore" value="true"/>
    <property name="java.vm.name" value="Java HotSpot(TM) 64-Bit Server VM"/>
    <property name="localRepository" value="D:\mavendata\m2"/>
    <property name="java.vendor.url.bug" value="http://bugreport.sun.com/bugreport/"/>
    <property name="java.io.tmpdir" value="C:\Users\posty\AppData\Local\Temp\"/>
    <property name="idea.version" value="2023.2.1"/>
    <property name="java.version" value="1.8.0_381"/>
    <property name="user.dir" value="D:\java all\competition\fuchuang"/>
    <property name="os.arch" value="amd64"/>
    <property name="java.vm.specification.name" value="Java Virtual Machine Specification"/>
    <property name="PID" value="4620"/>
    <property name="java.awt.printerjob" value="sun.awt.windows.WPrinterJob"/>
    <property name="sun.os.patch.level" value=""/>
    <property name="CONSOLE_LOG_CHARSET" value="GBK"/>
    <property name="java.library.path" value="D:\java all\jdk1.8\jdk1.8\jre\bin;C:\Windows\Sun\Java\bin;C:\Windows\system32;C:\Windows;C:\Program Files (x86)\VMware\VMware Workstation\bin\;C:\Windows\system32;C:\Windows;C:\Windows\System32\Wbem;C:\Windows\System32\WindowsPowerShell\v1.0\;C:\Windows\System32\OpenSSH\;C:\Program Files (x86)\NVIDIA Corporation\PhysX\Common;C:\Program Files\NVIDIA Corporation\NVIDIA NvDLISR;D:\mingw64\bin;D:\java all\jdk1.8\jdk1.8\bin;C:\Program Files\MySQL\MySQL Server 8.0\bin\;D:\phpstudy_pro\Extensions\php\php7.3.4nts;D:\maven\apache-maven-3.9.6\bin;D:\Redis\;C:\Program Files\MySQL\MySQL Shell 8.0\bin\;C:\Users\posty\AppData\Local\Programs\Python\Python311\Scripts\;C:\Users\posty\AppData\Local\Programs\Python\Python311\;C:\Users\posty\AppData\Local\Microsoft\WindowsApps;D:\Microsoft VS Code\bin;D:\java all\IntelliJ IDEA 2023.2.1\bin;;D:\python all\PyCharm 2023.2.1\bin;;D:\datagrip\DataGrip 2023.2.2\bin;;E:\pgSQL\bin;;."/>
    <property name="java.vm.info" value="mixed mode"/>
    <property name="java.vendor" value="Oracle Corporation"/>
    <property name="java.vm.version" value="25.381-b09"/>
    <property name="java.specification.maintenance.version" value="5"/>
    <property name="java.ext.dirs" value="D:\java all\jdk1.8\jdk1.8\jre\lib\ext;C:\Windows\Sun\Java\lib\ext"/>
    <property name="sun.io.unicode.encoding" value="UnicodeLittle"/>
    <property name="maven.repo.local" value="D:\mavendata\m2"/>
    <property name="java.class.version" value="52.0"/>
  </properties>
  <testcase name="contextLoads" classname="com.example.fuchuang.FuchuangApplicationTests" time="0.192">
    <system-out><![CDATA[13:43:48.158 [main] DEBUG org.springframework.test.context.BootstrapUtils - Instantiating CacheAwareContextLoaderDelegate from class [org.springframework.test.context.cache.DefaultCacheAwareContextLoaderDelegate]
13:43:48.166 [main] DEBUG org.springframework.test.context.BootstrapUtils - Instantiating BootstrapContext using constructor [public org.springframework.test.context.support.DefaultBootstrapContext(java.lang.Class,org.springframework.test.context.CacheAwareContextLoaderDelegate)]
13:43:48.190 [main] DEBUG org.springframework.test.context.BootstrapUtils - Instantiating TestContextBootstrapper for test class [com.example.fuchuang.FuchuangApplicationTests] from class [org.springframework.boot.test.context.SpringBootTestContextBootstrapper]
13:43:48.200 [main] INFO org.springframework.boot.test.context.SpringBootTestContextBootstrapper - Neither @ContextConfiguration nor @ContextHierarchy found for test class [com.example.fuchuang.FuchuangApplicationTests], using SpringBootContextLoader
13:43:48.203 [main] DEBUG org.springframework.test.context.support.AbstractContextLoader - Did not detect default resource location for test class [com.example.fuchuang.FuchuangApplicationTests]: class path resource [com/example/fuchuang/FuchuangApplicationTests-context.xml] does not exist
13:43:48.203 [main] DEBUG org.springframework.test.context.support.AbstractContextLoader - Did not detect default resource location for test class [com.example.fuchuang.FuchuangApplicationTests]: class path resource [com/example/fuchuang/FuchuangApplicationTestsContext.groovy] does not exist
13:43:48.203 [main] INFO org.springframework.test.context.support.AbstractContextLoader - Could not detect default resource locations for test class [com.example.fuchuang.FuchuangApplicationTests]: no resource found for suffixes {-context.xml, Context.groovy}.
13:43:48.204 [main] INFO org.springframework.test.context.support.AnnotationConfigContextLoaderUtils - Could not detect default configuration classes for test class [com.example.fuchuang.FuchuangApplicationTests]: FuchuangApplicationTests does not declare any static, non-private, non-final, nested classes annotated with @Configuration.
13:43:48.236 [main] DEBUG org.springframework.test.context.support.ActiveProfilesUtils - Could not find an 'annotation declaring class' for annotation type [org.springframework.test.context.ActiveProfiles] and class [com.example.fuchuang.FuchuangApplicationTests]
13:43:48.288 [main] DEBUG org.springframework.context.annotation.ClassPathScanningCandidateComponentProvider - Identified candidate component class: file [D:\java all\competition\fuchuang\target\classes\com\example\fuchuang\FuchuangApplication.class]
13:43:48.289 [main] INFO org.springframework.boot.test.context.SpringBootTestContextBootstrapper - Found @SpringBootConfiguration com.example.fuchuang.FuchuangApplication for test class com.example.fuchuang.FuchuangApplicationTests
13:43:48.366 [main] DEBUG org.springframework.boot.test.context.SpringBootTestContextBootstrapper - @TestExecutionListeners is not present for class [com.example.fuchuang.FuchuangApplicationTests]: using defaults.
13:43:48.366 [main] INFO org.springframework.boot.test.context.SpringBootTestContextBootstrapper - Loaded default TestExecutionListener class names from location [META-INF/spring.factories]: [org.springframework.boot.test.mock.mockito.MockitoTestExecutionListener, org.springframework.boot.test.mock.mockito.ResetMocksTestExecutionListener, org.springframework.boot.test.autoconfigure.restdocs.RestDocsTestExecutionListener, org.springframework.boot.test.autoconfigure.web.client.MockRestServiceServerResetTestExecutionListener, org.springframework.boot.test.autoconfigure.web.servlet.MockMvcPrintOnlyOnFailureTestExecutionListener, org.springframework.boot.test.autoconfigure.web.servlet.WebDriverTestExecutionListener, org.springframework.boot.test.autoconfigure.webservices.client.MockWebServiceServerTestExecutionListener, org.springframework.test.context.web.ServletTestExecutionListener, org.springframework.test.context.support.DirtiesContextBeforeModesTestExecutionListener, org.springframework.test.context.event.ApplicationEventsTestExecutionListener, org.springframework.test.context.support.DependencyInjectionTestExecutionListener, org.springframework.test.context.support.DirtiesContextTestExecutionListener, org.springframework.test.context.transaction.TransactionalTestExecutionListener, org.springframework.test.context.jdbc.SqlScriptsTestExecutionListener, org.springframework.test.context.event.EventPublishingTestExecutionListener]
13:43:48.380 [main] INFO org.springframework.boot.test.context.SpringBootTestContextBootstrapper - Using TestExecutionListeners: [org.springframework.test.context.web.ServletTestExecutionListener@32115b28, org.springframework.test.context.support.DirtiesContextBeforeModesTestExecutionListener@2ad48653, org.springframework.test.context.event.ApplicationEventsTestExecutionListener@6bb4dd34, org.springframework.boot.test.mock.mockito.MockitoTestExecutionListener@7d9f158f, org.springframework.boot.test.autoconfigure.SpringBootDependencyInjectionTestExecutionListener@45efd90f, org.springframework.test.context.support.DirtiesContextTestExecutionListener@4b8729ff, org.springframework.test.context.transaction.TransactionalTestExecutionListener@61710c6, org.springframework.test.context.jdbc.SqlScriptsTestExecutionListener@3214ee6, org.springframework.test.context.event.EventPublishingTestExecutionListener@383dc82c, org.springframework.boot.test.mock.mockito.ResetMocksTestExecutionListener@4a07d605, org.springframework.boot.test.autoconfigure.restdocs.RestDocsTestExecutionListener@74287ea3, org.springframework.boot.test.autoconfigure.web.client.MockRestServiceServerResetTestExecutionListener@7d7758be, org.springframework.boot.test.autoconfigure.web.servlet.MockMvcPrintOnlyOnFailureTestExecutionListener@2bdd8394, org.springframework.boot.test.autoconfigure.web.servlet.WebDriverTestExecutionListener@5f9edf14, org.springframework.boot.test.autoconfigure.webservices.client.MockWebServiceServerTestExecutionListener@68746f22]
13:43:48.384 [main] DEBUG org.springframework.test.context.support.AbstractDirtiesContextTestExecutionListener - Before test class: context [DefaultTestContext@4149c063 testClass = FuchuangApplicationTests, testInstance = [null], testMethod = [null], testException = [null], mergedContextConfiguration = [WebMergedContextConfiguration@9cb8225 testClass = FuchuangApplicationTests, locations = '{}', classes = '{class com.example.fuchuang.FuchuangApplication}', contextInitializerClasses = '[]', activeProfiles = '{}', propertySourceLocations = '{}', propertySourceProperties = '{org.springframework.boot.test.context.SpringBootTestContextBootstrapper=true}', contextCustomizers = set[org.springframework.boot.test.context.filter.ExcludeFilterContextCustomizer@23348b5d, org.springframework.boot.test.json.DuplicateJsonObjectContextCustomizerFactory$DuplicateJsonObjectContextCustomizer@7c9d8e2, org.springframework.boot.test.mock.mockito.MockitoContextCustomizer@0, org.springframework.boot.test.web.client.TestRestTemplateContextCustomizer@58a9760d, org.springframework.boot.test.autoconfigure.actuate.metrics.MetricsExportContextCustomizerFactory$DisableMetricExportContextCustomizer@75db5df9, org.springframework.boot.test.autoconfigure.properties.PropertyMappingContextCustomizer@0, org.springframework.boot.test.autoconfigure.web.servlet.WebDriverContextCustomizerFactory$Customizer@37271612, org.springframework.boot.test.context.SpringBootTestArgs@1, org.springframework.boot.test.context.SpringBootTestWebEnvironment@4d95d2a2], resourceBasePath = 'src/main/webapp', contextLoader = 'org.springframework.boot.test.context.SpringBootContextLoader', parent = [null]], attributes = map['org.springframework.test.context.web.ServletTestExecutionListener.activateListener' -> true]], class annotated with @DirtiesContext [false] with mode [null].

  .   ____          _            __ _ _
 /\\ / ___'_ __ _ _(_)_ __  __ _ \ \ \ \
( ( )\___ | '_ | '_| | '_ \/ _` | \ \ \ \
 \\/  ___)| |_)| | | | | || (_| |  ) ) ) )
  '  |____| .__|_| |_|_| |_\__, | / / / /
 =========|_|==============|___/=/_/_/_/
 :: Spring Boot ::               (v2.6.13)

2024-04-11 13:43:48.638  INFO 4620 --- [           main] c.e.fuchuang.FuchuangApplicationTests    : Starting FuchuangApplicationTests using Java 1.8.0_381 on LAPTOP-MEV194P4 with PID 4620 (started by posty in D:\java all\competition\fuchuang)
2024-04-11 13:43:48.639  INFO 4620 --- [           main] c.e.fuchuang.FuchuangApplicationTests    : No active profile set, falling back to 1 default profile: "default"
2024-04-11 13:43:49.324  INFO 4620 --- [           main] .s.d.r.c.RepositoryConfigurationDelegate : Multiple Spring Data modules found, entering strict repository configuration mode
2024-04-11 13:43:49.327  INFO 4620 --- [           main] .s.d.r.c.RepositoryConfigurationDelegate : Bootstrapping Spring Data Redis repositories in DEFAULT mode.
2024-04-11 13:43:49.348  INFO 4620 --- [           main] .s.d.r.c.RepositoryConfigurationDelegate : Finished Spring Data repository scanning in 10 ms. Found 0 Redis repository interfaces.
 _ _   |_  _ _|_. ___ _ |    _ 
| | |\/|_)(_| | |_\  |_)||_|_\ 
     /               |         
                        3.4.1 
2024-04-11 13:43:51.187  WARN 4620 --- [           main] c.b.m.core.metadata.TableInfoHelper      : Can not find table primary key in Class: "com.example.fuchuang.Pojo.Score".
2024-04-11 13:43:51.236  WARN 4620 --- [           main] c.b.m.core.metadata.TableInfoHelper      : Can not find table primary key in Class: "com.example.fuchuang.Pojo.StudyTime".
2024-04-11 13:43:52.388  INFO 4620 --- [           main] o.s.b.a.w.s.WelcomePageHandlerMapping    : Adding welcome page: class path resource [static/index.html]
2024-04-11 13:43:52.866  INFO 4620 --- [           main] c.e.fuchuang.FuchuangApplicationTests    : Started FuchuangApplicationTests in 4.452 seconds (JVM running for 5.228)
]]></system-out>
  </testcase>
</testsuite>